<?xml version="1.0" encoding="UTF-8" ?>
<testsuite tests="5" failures="0" name="com.examples.cucumber.RunCucumberTest" time="62.608" errors="0" skipped="0">
  <properties>
[...]
</properties>
  <testcase classname="Amazon Search/Add/Delete" name="Search for Book" time="34.585"/>
  <testcase classname="Amazon Search/Add/Delete" name="Select New Paperback Book" time="12.058"/>
  <testcase classname="Amazon Search/Add/Delete" name="Add Book to Cart" time="2.685"/>
  <testcase classname="Amazon Search/Add/Delete" name="Book in Cart Verification" time="9.052"/>
  <testcase classname="Amazon Search/Add/Delete" name="Delete Book from Cart" time="4.228"/>
</testsuite>